2021-03-03 13:51:45,387: INFO: __main__: --------------- New GIF --------------- 
2021-03-03 13:51:45,387: INFO: __main__: Plot parameters: 
2021-03-03 13:51:45,387: INFO: __main__: num_initial_lines: 100 
2021-03-03 13:51:45,387: INFO: __main__: step_height_initial_lines: 0.1 
2021-03-03 13:51:45,387: INFO: __main__: x_inf_lim_initial_lines: -50 
2021-03-03 13:51:45,387: INFO: __main__: x_sup_lim_initial_lines: 50 
2021-03-03 13:51:45,387: INFO: __main__: step_grid_inside_each_line: 0.01 
2021-03-03 13:51:45,387: INFO: __main__: GIF parameters: 
2021-03-03 13:51:45,387: INFO: __main__: fps: 60 
2021-03-03 13:51:45,387: INFO: __main__: gif_name: conf_mapping_60fps.gif 
2021-03-03 13:51:45,388: INFO: __main__: Execution times: 
2021-03-03 13:51:46,865: INFO: __main__: Time to compute the final values: 1.477048397064209 
2021-03-03 13:54:26,153: INFO: __main__: --------------- New GIF --------------- 
2021-03-03 13:54:26,153: INFO: __main__: Plot parameters: 
2021-03-03 13:54:26,153: INFO: __main__: num_initial_lines: 100 
2021-03-03 13:54:26,153: INFO: __main__: step_height_initial_lines: 0.1 
2021-03-03 13:54:26,153: INFO: __main__: x_inf_lim_initial_lines: -50 
2021-03-03 13:54:26,153: INFO: __main__: x_sup_lim_initial_lines: 50 
2021-03-03 13:54:26,153: INFO: __main__: step_grid_inside_each_line: 0.01 
2021-03-03 13:54:26,153: INFO: __main__: GIF parameters: 
2021-03-03 13:54:26,153: INFO: __main__: fps: 15 
2021-03-03 13:54:26,153: INFO: __main__: gif_name: conf_mapping_15fps.gif 
2021-03-03 13:54:26,154: INFO: __main__: Execution times: 
2021-03-03 13:54:27,624: INFO: __main__: Time to compute the final values: 1.4700396060943604 
2021-03-03 14:00:09,052: INFO: __main__: Time to generate the .gif file: 341.42764830589294 
2021-03-03 17:09:05,042: INFO: __main__: --------------- New GIF --------------- 
2021-03-03 17:09:05,049: INFO: __main__: Plot parameters: 
2021-03-03 17:09:05,049: INFO: __main__: num_initial_lines: 10 
2021-03-03 17:09:05,049: INFO: __main__: step_height_initial_lines: 1 
2021-03-03 17:09:05,049: INFO: __main__: x_inf_lim_initial_lines: -5 
2021-03-03 17:09:05,050: INFO: __main__: x_sup_lim_initial_lines: 5 
2021-03-03 17:09:05,050: INFO: __main__: step_grid_inside_each_line: 0.1 
2021-03-03 17:09:05,050: INFO: __main__: GIF parameters: 
2021-03-03 17:09:05,050: INFO: __main__: fps: 15 
2021-03-03 17:09:05,050: INFO: __main__: gif_name: conf_mapping_15fps.gif 
2021-03-03 17:09:05,051: INFO: __main__: Execution times: 
2021-03-03 17:09:26,739: INFO: __main__: --------------- New GIF --------------- 
2021-03-03 17:09:26,739: INFO: __main__: Plot parameters: 
2021-03-03 17:09:26,739: INFO: __main__: num_initial_lines: 10 
2021-03-03 17:09:26,739: INFO: __main__: step_height_initial_lines: 1 
2021-03-03 17:09:26,739: INFO: __main__: x_inf_lim_initial_lines: -5 
2021-03-03 17:09:26,739: INFO: __main__: x_sup_lim_initial_lines: 5 
2021-03-03 17:09:26,739: INFO: __main__: step_grid_inside_each_line: 0.1 
2021-03-03 17:09:26,739: INFO: __main__: GIF parameters: 
2021-03-03 17:09:26,739: INFO: __main__: fps: 15 
2021-03-03 17:09:26,739: INFO: __main__: gif_name: conf_mapping_15fps.gif 
2021-03-03 17:09:26,739: INFO: __main__: Execution times: 
2021-03-03 17:09:43,132: INFO: __main__: --------------- New GIF --------------- 
2021-03-03 17:09:43,132: INFO: __main__: Plot parameters: 
2021-03-03 17:09:43,132: INFO: __main__: num_initial_lines: 10 
2021-03-03 17:09:43,132: INFO: __main__: step_height_initial_lines: 1 
2021-03-03 17:09:43,132: INFO: __main__: x_inf_lim_initial_lines: -5 
2021-03-03 17:09:43,133: INFO: __main__: x_sup_lim_initial_lines: 5 
2021-03-03 17:09:43,133: INFO: __main__: step_grid_inside_each_line: 0.1 
2021-03-03 17:09:43,133: INFO: __main__: GIF parameters: 
2021-03-03 17:09:43,133: INFO: __main__: fps: 15 
2021-03-03 17:09:43,133: INFO: __main__: gif_name: conf_mapping_15fps.gif 
2021-03-03 17:09:43,133: INFO: __main__: Execution times: 
2021-03-03 17:11:13,541: INFO: __main__: --------------- New GIF --------------- 
2021-03-03 17:11:13,542: INFO: __main__: Plot parameters: 
2021-03-03 17:11:13,544: INFO: __main__: num_initial_lines: 10 
2021-03-03 17:11:13,544: INFO: __main__: step_height_initial_lines: 1 
2021-03-03 17:11:13,544: INFO: __main__: x_inf_lim_initial_lines: -5 
2021-03-03 17:11:13,544: INFO: __main__: x_sup_lim_initial_lines: 5 
2021-03-03 17:11:13,544: INFO: __main__: step_grid_inside_each_line: 0.1 
2021-03-03 17:11:13,544: INFO: __main__: GIF parameters: 
2021-03-03 17:11:13,544: INFO: __main__: fps: 15 
2021-03-03 17:11:13,544: INFO: __main__: gif_name: conf_mapping_15fps.gif 
2021-03-03 17:11:13,544: INFO: __main__: Execution times: 
2021-03-03 17:11:34,926: INFO: func_tools.renderizer: Initial domain: upper-half complex plane 
2021-03-03 17:12:04,552: INFO: __main__: --------------- New GIF --------------- 
2021-03-03 17:12:04,552: INFO: __main__: Plot parameters: 
2021-03-03 17:12:04,552: INFO: __main__: num_initial_lines: 10 
2021-03-03 17:12:04,552: INFO: __main__: step_height_initial_lines: 1 
2021-03-03 17:12:04,552: INFO: __main__: x_inf_lim_initial_lines: -5 
2021-03-03 17:12:04,553: INFO: __main__: x_sup_lim_initial_lines: 5 
2021-03-03 17:12:04,553: INFO: __main__: step_grid_inside_each_line: 0.1 
2021-03-03 17:12:04,553: INFO: __main__: GIF parameters: 
2021-03-03 17:12:04,553: INFO: __main__: fps: 15 
2021-03-03 17:12:04,553: INFO: __main__: gif_name: conf_mapping_15fps.gif 
2021-03-03 17:12:04,553: INFO: __main__: Execution times: 
2021-03-03 17:12:04,553: INFO: func_tools.renderizer: Initial domain: upper-half complex plane 
2021-03-03 17:13:41,272: INFO: __main__: --------------- New GIF --------------- 
2021-03-03 17:13:41,272: INFO: __main__: Plot parameters: 
2021-03-03 17:13:41,272: INFO: __main__: num_initial_lines: 10 
2021-03-03 17:13:41,272: INFO: __main__: step_height_initial_lines: 1.01 
2021-03-03 17:13:41,273: INFO: __main__: x_inf_lim_initial_lines: -5 
2021-03-03 17:13:41,273: INFO: __main__: x_sup_lim_initial_lines: 5 
2021-03-03 17:13:41,273: INFO: __main__: step_grid_inside_each_line: 0.1 
2021-03-03 17:13:41,273: INFO: __main__: GIF parameters: 
2021-03-03 17:13:41,273: INFO: __main__: fps: 15 
2021-03-03 17:13:41,273: INFO: __main__: gif_name: conf_mapping_15fps.gif 
2021-03-03 17:13:41,273: INFO: __main__: Execution times: 
2021-03-03 17:13:41,273: INFO: func_tools.renderizer: Initial domain: upper-half complex plane 
2021-03-03 17:13:41,275: INFO: __main__: Time to compute the final values: 0.0019948482513427734 
2021-03-03 17:13:52,386: INFO: __main__: Time to generate the .gif file: 11.111648797988892 
2021-03-03 17:17:48,812: INFO: __main__: --------------- New GIF --------------- 
2021-03-03 17:17:48,812: INFO: __main__: Plot parameters: 
2021-03-03 17:17:48,812: INFO: __main__: num_initial_lines: 10 
2021-03-03 17:17:48,812: INFO: __main__: step_height_initial_lines: 1.01 
2021-03-03 17:17:48,812: INFO: __main__: x_inf_lim_initial_lines: -5 
2021-03-03 17:17:48,812: INFO: __main__: x_sup_lim_initial_lines: 5 
2021-03-03 17:17:48,812: INFO: __main__: step_grid_inside_each_line: 0.1 
2021-03-03 17:17:48,812: INFO: __main__: GIF parameters: 
2021-03-03 17:17:48,812: INFO: __main__: fps: 15 
2021-03-03 17:17:48,812: INFO: __main__: gif_name: conf_mapping_whole_pcomplex_plane_15fps.gif 
2021-03-03 17:17:48,813: INFO: __main__: Execution times: 
2021-03-03 17:17:48,813: INFO: func_tools.renderizer: Initial domain: upper-half complex plane 
2021-03-03 17:17:48,814: INFO: __main__: Time to compute the final values: 0.001032114028930664 
2021-03-03 17:18:00,317: INFO: __main__: Time to generate the .gif file: 11.503768682479858 
2021-03-03 17:19:43,054: INFO: __main__: --------------- New GIF --------------- 
2021-03-03 17:19:43,055: INFO: __main__: Plot parameters: 
2021-03-03 17:19:43,055: INFO: __main__: num_initial_lines: 10 
2021-03-03 17:19:43,055: INFO: __main__: step_height_initial_lines: 1.01 
2021-03-03 17:19:43,055: INFO: __main__: x_inf_lim_initial_lines: -5 
2021-03-03 17:19:43,055: INFO: __main__: x_sup_lim_initial_lines: 5 
2021-03-03 17:19:43,055: INFO: __main__: step_grid_inside_each_line: 0.1 
2021-03-03 17:19:43,055: INFO: __main__: GIF parameters: 
2021-03-03 17:19:43,055: INFO: __main__: fps: 15 
2021-03-03 17:19:43,055: INFO: __main__: gif_name: conf_mapping_whole_pcomplex_plane_15fps.gif 
2021-03-03 17:19:43,055: INFO: __main__: Execution times: 
2021-03-03 17:19:43,055: INFO: func_tools.renderizer: Initial domain: upper-half complex plane 
2021-03-03 17:19:43,058: INFO: __main__: Time to compute the final values: 0.0029909610748291016 
2021-03-03 17:20:28,135: INFO: __main__: --------------- New GIF --------------- 
2021-03-03 17:20:28,135: INFO: __main__: Plot parameters: 
2021-03-03 17:20:28,135: INFO: __main__: num_initial_lines: 10 
2021-03-03 17:20:28,135: INFO: __main__: step_height_initial_lines: 1.01 
2021-03-03 17:20:28,135: INFO: __main__: x_inf_lim_initial_lines: -5 
2021-03-03 17:20:28,135: INFO: __main__: x_sup_lim_initial_lines: 5 
2021-03-03 17:20:28,135: INFO: __main__: step_grid_inside_each_line: 0.1 
2021-03-03 17:20:28,135: INFO: __main__: GIF parameters: 
2021-03-03 17:20:28,135: INFO: __main__: fps: 15 
2021-03-03 17:20:28,136: INFO: __main__: gif_name: conf_mapping_whole_pcomplex_plane_15fps.gif 
2021-03-03 17:20:28,136: INFO: __main__: Execution times: 
2021-03-03 17:20:28,136: INFO: func_tools.renderizer: Initial domain: upper-half complex plane 
2021-03-03 17:20:28,138: INFO: __main__: Time to compute the final values: 0.0020215511322021484 
2021-03-03 17:20:38,446: INFO: __main__: Time to generate the .gif file: 10.307651996612549 
2021-03-03 17:22:12,418: INFO: __main__: --------------- New GIF --------------- 
2021-03-03 17:22:12,418: INFO: __main__: Plot parameters: 
2021-03-03 17:22:12,418: INFO: __main__: num_initial_lines: 100 
2021-03-03 17:22:12,418: INFO: __main__: step_height_initial_lines: 0.11 
2021-03-03 17:22:12,418: INFO: __main__: x_inf_lim_initial_lines: -50 
2021-03-03 17:22:12,419: INFO: __main__: x_sup_lim_initial_lines: 50 
2021-03-03 17:22:12,419: INFO: __main__: step_grid_inside_each_line: 0.01 
2021-03-03 17:22:12,419: INFO: __main__: GIF parameters: 
2021-03-03 17:22:12,419: INFO: __main__: fps: 15 
2021-03-03 17:22:12,419: INFO: __main__: gif_name: conf_mapping_whole_pcomplex_plane_15fps.gif 
2021-03-03 17:22:12,419: INFO: __main__: Execution times: 
2021-03-03 17:22:12,419: INFO: func_tools.renderizer: Initial domain: upper-half complex plane 
2021-03-03 17:22:13,872: INFO: __main__: Time to compute the final values: 1.4532444477081299 
2021-03-03 17:27:33,167: INFO: __main__: Time to generate the .gif file: 319.2941212654114 
2021-03-03 17:34:01,316: INFO: __main__: --------------- New GIF --------------- 
2021-03-03 17:34:01,320: INFO: __main__: Plot parameters: 
2021-03-03 17:34:01,320: INFO: __main__: num_initial_lines: 100 
2021-03-03 17:34:01,320: INFO: __main__: step_height_initial_lines: 0.26 
2021-03-03 17:34:01,320: INFO: __main__: x_inf_lim_initial_lines: -50 
2021-03-03 17:34:01,320: INFO: __main__: x_sup_lim_initial_lines: 50 
2021-03-03 17:34:01,320: INFO: __main__: step_grid_inside_each_line: 0.01 
2021-03-03 17:34:01,321: INFO: __main__: GIF parameters: 
2021-03-03 17:34:01,321: INFO: __main__: fps: 15 
2021-03-03 17:34:01,321: INFO: __main__: gif_name: conf_mapping_whole_pcomplex_plane_15fps.gif 
2021-03-03 17:34:01,321: INFO: __main__: Execution times: 
2021-03-03 17:34:01,321: INFO: func_tools.renderizer: Initial domain: upper-half complex plane 
2021-03-03 17:34:02,787: INFO: __main__: Time to compute the final values: 1.4660801887512207 
2021-03-03 17:41:04,016: INFO: __main__: Time to generate the .gif file: 421.22738671302795 
2021-03-03 17:49:27,596: INFO: __main__: --------------- New GIF --------------- 
2021-03-03 17:49:27,601: INFO: __main__: Plot parameters: 
2021-03-03 17:49:27,601: INFO: __main__: num_initial_lines: 100 
2021-03-03 17:49:27,601: INFO: __main__: step_height_initial_lines: 0.101 
2021-03-03 17:49:27,601: INFO: __main__: x_inf_lim_initial_lines: -50 
2021-03-03 17:49:27,601: INFO: __main__: x_sup_lim_initial_lines: 50 
2021-03-03 17:49:27,601: INFO: __main__: step_grid_inside_each_line: 0.01 
2021-03-03 17:49:27,601: INFO: __main__: GIF parameters: 
2021-03-03 17:49:27,601: INFO: __main__: fps: 15 
2021-03-03 17:49:27,601: INFO: __main__: gif_name: conf_mapping_whole_pcomplex_plane_15fps.gif 
2021-03-03 17:49:27,604: INFO: __main__: Execution times: 
2021-03-03 17:49:27,604: INFO: func_tools.renderizer: Initial domain: upper-half complex plane 
2021-03-03 17:49:29,146: INFO: __main__: Time to compute the final values: 1.5419058799743652 
2021-03-03 17:56:19,824: INFO: __main__: Time to generate the .gif file: 410.67635917663574 
2021-03-03 18:01:54,258: INFO: __main__: --------------- New GIF --------------- 
2021-03-03 18:01:54,261: INFO: __main__: Plot parameters: 
2021-03-03 18:01:54,261: INFO: __main__: num_initial_lines: 100 
2021-03-03 18:01:54,262: INFO: __main__: step_height_initial_lines: 0.101 
2021-03-03 18:01:54,262: INFO: __main__: x_inf_lim_initial_lines: -50 
2021-03-03 18:01:54,262: INFO: __main__: x_sup_lim_initial_lines: 50 
2021-03-03 18:01:54,262: INFO: __main__: step_grid_inside_each_line: 0.01 
2021-03-03 18:01:54,262: INFO: __main__: GIF parameters: 
2021-03-03 18:01:54,262: INFO: __main__: fps: 15 
2021-03-03 18:01:54,262: INFO: __main__: gif_name: conf_mapping_whole_pcomplex_plane_15fps_.gif 
2021-03-03 18:01:54,262: INFO: __main__: Execution times: 
2021-03-03 18:01:54,263: INFO: func_tools.renderizer: Initial domain: upper-half complex plane 
2021-03-03 18:01:55,884: INFO: __main__: Time to compute the final values: 1.6227235794067383 
2021-03-03 18:09:22,565: INFO: __main__: Time to generate the .gif file: 446.67813062667847 
